<?xml version="1.0" encoding="UTF-8"?>
<!-- Generated by org.testng.reporters.JUnitReportReporter -->
<testsuite hostname="DESKTOP-23DKO3H" failures="0" tests="1" name="testPackage.ActiTimeTestValidLogin" time="25.663" errors="0" timestamp="2023-01-27T19:35:18 IST" skipped="0">
  <testcase classname="testPackage.ActiTimeTestValidLogin" name="validTest" time="25.663"/>
  <system-out/>
</testsuite> <!-- testPackage.ActiTimeTestValidLogin -->
